DEB [20260618-20:39:52.445] thr=1   paramiko.transport: starting thread (client mode): 0xdbca0310
DEB [20260618-20:39:52.445] thr=1   paramiko.transport: Local version/idstring: SSH-2.0-paramiko_3.4.0
DEB [20260618-20:39:52.953] thr=1   paramiko.transport: Remote version/idstring: SSH-2.0-OpenSSH_9.6p1 Ubuntu-3ubuntu13.16
INF [20260618-20:39:52.953] thr=1   paramiko.transport: Connected (version 2.0, client OpenSSH_9.6p1)
DEB [20260618-20:39:53.229] thr=1   paramiko.transport: === Key exchange possibilities ===
DEB [20260618-20:39:53.229] thr=1   paramiko.transport: kex algos: sntrup761x25519-sha512@openssh.com, curve25519-sha256, curve25519-sha256@libssh.org, ecdh-sha2-nistp256, ecdh-sha2-nistp384, ecdh-sha2-nistp521, diffie-hellman-group-exchange-sha256, diffie-hellman-group16-sha512, diffie-hellman-group18-sha512, diffie-hellman-group14-sha256, ext-info-s, kex-strict-s-v00@openssh.com
DEB [20260618-20:39:53.237] thr=1   paramiko.transport: server key: rsa-sha2-512, rsa-sha2-256, ecdsa-sha2-nistp256, ssh-ed25519
DEB [20260618-20:39:53.237] thr=1   paramiko.transport: client encrypt: chacha20-poly1305@openssh.com, aes128-ctr, aes192-ctr, aes256-ctr, aes128-gcm@openssh.com, aes256-gcm@openssh.com
DEB [20260618-20:39:53.237] thr=1   paramiko.transport: server encrypt: chacha20-poly1305@openssh.com, aes128-ctr, aes192-ctr, aes256-ctr, aes128-gcm@openssh.com, aes256-gcm@openssh.com
DEB [20260618-20:39:53.237] thr=1   paramiko.transport: client mac: umac-64-etm@openssh.com, umac-128-etm@openssh.com, hmac-sha2-256-etm@openssh.com, hmac-sha2-512-etm@openssh.com, hmac-sha1-etm@openssh.com, umac-64@openssh.com, umac-128@openssh.com, hmac-sha2-256, hmac-sha2-512, hmac-sha1
DEB [20260618-20:39:53.237] thr=1   paramiko.transport: server mac: umac-64-etm@openssh.com, umac-128-etm@openssh.com, hmac-sha2-256-etm@openssh.com, hmac-sha2-512-etm@openssh.com, hmac-sha1-etm@openssh.com, umac-64@openssh.com, umac-128@openssh.com, hmac-sha2-256, hmac-sha2-512, hmac-sha1
DEB [20260618-20:39:53.237] thr=1   paramiko.transport: client compress: none, zlib@openssh.com
DEB [20260618-20:39:53.237] thr=1   paramiko.transport: server compress: none, zlib@openssh.com
DEB [20260618-20:39:53.237] thr=1   paramiko.transport: client lang: <none>
DEB [20260618-20:39:53.238] thr=1   paramiko.transport: server lang: <none>
DEB [20260618-20:39:53.238] thr=1   paramiko.transport: kex follows: False
DEB [20260618-20:39:53.238] thr=1   paramiko.transport: === Key exchange agreements ===
DEB [20260618-20:39:53.238] thr=1   paramiko.transport: Strict kex mode: True
DEB [20260618-20:39:53.238] thr=1   paramiko.transport: Kex: curve25519-sha256@libssh.org
DEB [20260618-20:39:53.238] thr=1   paramiko.transport: HostKey: ssh-ed25519
DEB [20260618-20:39:53.238] thr=1   paramiko.transport: Cipher: aes128-ctr
DEB [20260618-20:39:53.238] thr=1   paramiko.transport: MAC: hmac-sha2-256
DEB [20260618-20:39:53.238] thr=1   paramiko.transport: Compression: none
DEB [20260618-20:39:53.238] thr=1   paramiko.transport: === End of kex handshake ===
DEB [20260618-20:39:53.590] thr=1   paramiko.transport: Resetting outbound seqno after NEWKEYS due to strict mode
DEB [20260618-20:39:53.590] thr=1   paramiko.transport: kex engine KexCurve25519 specified hash_algo <built-in function openssl_sha256>
DEB [20260618-20:39:53.591] thr=1   paramiko.transport: Switch to new keys ...
DEB [20260618-20:39:53.591] thr=1   paramiko.transport: Resetting inbound seqno after NEWKEYS due to strict mode
DEB [20260618-20:39:53.592] thr=2   paramiko.transport: Adding ssh-ed25519 host key for 104.251.214.177: b'4aeab0731ae1c609e794c8bfc3e1c1c2'
DEB [20260618-20:39:53.592] thr=1   paramiko.transport: Got EXT_INFO: {'server-sig-algs': b'ssh-ed25519,ecdsa-sha2-nistp256,ecdsa-sha2-nistp384,ecdsa-sha2-nistp521,sk-ssh-ed25519@openssh.com,sk-ecdsa-sha2-nistp256@openssh.com,rsa-sha2-512,rsa-sha2-256', 'publickey-hostbound@openssh.com': b'0', 'ping@openssh.com': b'0'}
DEB [20260618-20:39:54.288] thr=1   paramiko.transport: userauth is OK
INF [20260618-20:39:54.596] thr=1   paramiko.transport: Authentication (password) successful!
DEB [20260618-20:39:54.597] thr=2   paramiko.transport: [chan 0] Max packet in: 32768 bytes
DEB [20260618-20:39:54.872] thr=1   paramiko.transport: Received global request "hostkeys-00@openssh.com"
DEB [20260618-20:39:54.872] thr=1   paramiko.transport: Rejecting "hostkeys-00@openssh.com" global request from server.
DEB [20260618-20:39:55.188] thr=1   paramiko.transport: [chan 0] Max packet out: 32768 bytes
DEB [20260618-20:39:55.188] thr=1   paramiko.transport: Secsh channel 0 opened.
DEB [20260618-20:39:55.492] thr=1   paramiko.transport: [chan 0] Sesch channel 0 request ok
DEB [20260618-20:39:55.496] thr=1   paramiko.transport: [chan 0] EOF received (0)
DEB [20260618-20:39:55.496] thr=1   paramiko.transport: [chan 0] EOF sent (0)
DEB [20260618-20:39:55.496] thr=2   paramiko.transport: [chan 1] Max packet in: 32768 bytes
DEB [20260618-20:39:56.140] thr=1   paramiko.transport: [chan 1] Max packet out: 32768 bytes
DEB [20260618-20:39:56.141] thr=1   paramiko.transport: Secsh channel 1 opened.
DEB [20260618-20:39:56.453] thr=1   paramiko.transport: [chan 1] Sesch channel 1 request ok
DEB [20260618-20:41:05.052] thr=1   paramiko.transport: [chan 1] EOF received (1)
DEB [20260618-20:41:05.052] thr=2   paramiko.transport: [chan 2] Max packet in: 32768 bytes
DEB [20260618-20:41:05.053] thr=1   paramiko.transport: [chan 1] EOF sent (1)
DEB [20260618-20:41:05.329] thr=1   paramiko.transport: [chan 2] Max packet out: 32768 bytes
DEB [20260618-20:41:05.329] thr=1   paramiko.transport: Secsh channel 2 opened.
DEB [20260618-20:41:05.948] thr=1   paramiko.transport: [chan 2] Sesch channel 2 request ok
DEB [20260618-20:41:05.978] thr=1   paramiko.transport: [chan 2] EOF received (2)
DEB [20260618-20:41:05.978] thr=1   paramiko.transport: [chan 2] EOF sent (2)
DEB [20260618-20:41:05.980] thr=2   paramiko.transport: [chan 3] Max packet in: 32768 bytes
DEB [20260618-20:41:06.702] thr=1   paramiko.transport: [chan 3] Max packet out: 32768 bytes
DEB [20260618-20:41:06.702] thr=1   paramiko.transport: Secsh channel 3 opened.
DEB [20260618-20:41:07.012] thr=1   paramiko.transport: [chan 3] Sesch channel 3 request ok
DEB [20260618-20:41:07.012] thr=2   paramiko.transport: [chan 3] EOF sent (3)
DEB [20260618-20:41:07.013] thr=2   paramiko.transport: [chan 4] Max packet in: 32768 bytes
DEB [20260618-20:41:07.474] thr=1   paramiko.transport: [chan 4] Max packet out: 32768 bytes
DEB [20260618-20:41:07.474] thr=1   paramiko.transport: Secsh channel 4 opened.
DEB [20260618-20:41:07.802] thr=1   paramiko.transport: [chan 4] Sesch channel 4 request ok
DEB [20260618-20:41:07.803] thr=2   paramiko.transport: [chan 4] EOF sent (4)
DEB [20260618-20:41:07.819] thr=2   paramiko.transport: [chan 5] Max packet in: 32768 bytes
DEB [20260618-20:41:07.847] thr=1   paramiko.transport: [chan 4] EOF received (4)
DEB [20260618-20:41:08.025] thr=1   paramiko.transport: Ignoring message for dead channel 3
DEB [20260618-20:41:08.025] thr=1   paramiko.transport: Ignoring message for dead channel 3
DEB [20260618-20:41:08.124] thr=1   paramiko.transport: [chan 5] Max packet out: 32768 bytes
DEB [20260618-20:41:08.125] thr=1   paramiko.transport: Secsh channel 5 opened.
DEB [20260618-20:41:08.391] thr=1   paramiko.transport: Ignoring message for dead channel 3
DEB [20260618-20:41:08.391] thr=1   paramiko.transport: Ignoring message for dead channel 3
DEB [20260618-20:41:08.735] thr=1   paramiko.transport: [chan 5] Sesch channel 5 request ok
INF [20260618-20:41:08.996] thr=2   paramiko.transport.sftp: [chan 5] Opened sftp connection (server version 3)
DEB [20260618-20:41:08.997] thr=2   paramiko.transport.sftp: [chan 5] open(b'/opt/cctv-cloud/cloud_server.tar.gz', 'wb')
DEB [20260618-20:41:09.348] thr=2   paramiko.transport.sftp: [chan 5] open(b'/opt/cctv-cloud/cloud_server.tar.gz', 'wb') -> 00000000
DEB [20260618-20:41:09.349] thr=2   paramiko.transport.sftp: [chan 5] close(00000000)
DEB [20260618-20:41:09.964] thr=2   paramiko.transport.sftp: [chan 5] stat(b'/opt/cctv-cloud/cloud_server.tar.gz')
INF [20260618-20:41:10.242] thr=2   paramiko.transport.sftp: [chan 5] sftp session closed.
DEB [20260618-20:41:10.242] thr=2   paramiko.transport: [chan 5] EOF sent (5)
DEB [20260618-20:41:10.243] thr=2   paramiko.transport: [chan 6] Max packet in: 32768 bytes
DEB [20260618-20:41:10.588] thr=1   paramiko.transport: [chan 5] EOF received (5)
DEB [20260618-20:41:10.863] thr=1   paramiko.transport: [chan 6] Max packet out: 32768 bytes
DEB [20260618-20:41:10.863] thr=1   paramiko.transport: Secsh channel 6 opened.
DEB [20260618-20:41:11.218] thr=1   paramiko.transport: [chan 6] Sesch channel 6 request ok
DEB [20260618-20:45:35.724] thr=1   paramiko.transport: [chan 6] EOF received (6)
DEB [20260618-20:45:35.725] thr=1   paramiko.transport: [chan 6] EOF sent (6)
DEB [20260618-20:45:35.730] thr=1   paramiko.transport: EOF in transport thread
DEB [20260618-20:54:05.601] thr=1   paramiko.transport: starting thread (client mode): 0xd2440210
DEB [20260618-20:54:05.601] thr=1   paramiko.transport: Local version/idstring: SSH-2.0-paramiko_3.4.0
DEB [20260618-20:54:05.934] thr=1   paramiko.transport: Remote version/idstring: SSH-2.0-OpenSSH_9.6p1 Ubuntu-3ubuntu13.16
INF [20260618-20:54:05.934] thr=1   paramiko.transport: Connected (version 2.0, client OpenSSH_9.6p1)
DEB [20260618-20:54:06.365] thr=1   paramiko.transport: === Key exchange possibilities ===
DEB [20260618-20:54:06.366] thr=1   paramiko.transport: kex algos: sntrup761x25519-sha512@openssh.com, curve25519-sha256, curve25519-sha256@libssh.org, ecdh-sha2-nistp256, ecdh-sha2-nistp384, ecdh-sha2-nistp521, diffie-hellman-group-exchange-sha256, diffie-hellman-group16-sha512, diffie-hellman-group18-sha512, diffie-hellman-group14-sha256, ext-info-s, kex-strict-s-v00@openssh.com
DEB [20260618-20:54:06.366] thr=1   paramiko.transport: server key: rsa-sha2-512, rsa-sha2-256, ecdsa-sha2-nistp256, ssh-ed25519
DEB [20260618-20:54:06.366] thr=1   paramiko.transport: client encrypt: chacha20-poly1305@openssh.com, aes128-ctr, aes192-ctr, aes256-ctr, aes128-gcm@openssh.com, aes256-gcm@openssh.com
DEB [20260618-20:54:06.366] thr=1   paramiko.transport: server encrypt: chacha20-poly1305@openssh.com, aes128-ctr, aes192-ctr, aes256-ctr, aes128-gcm@openssh.com, aes256-gcm@openssh.com
DEB [20260618-20:54:06.366] thr=1   paramiko.transport: client mac: umac-64-etm@openssh.com, umac-128-etm@openssh.com, hmac-sha2-256-etm@openssh.com, hmac-sha2-512-etm@openssh.com, hmac-sha1-etm@openssh.com, umac-64@openssh.com, umac-128@openssh.com, hmac-sha2-256, hmac-sha2-512, hmac-sha1
DEB [20260618-20:54:06.366] thr=1   paramiko.transport: server mac: umac-64-etm@openssh.com, umac-128-etm@openssh.com, hmac-sha2-256-etm@openssh.com, hmac-sha2-512-etm@openssh.com, hmac-sha1-etm@openssh.com, umac-64@openssh.com, umac-128@openssh.com, hmac-sha2-256, hmac-sha2-512, hmac-sha1
DEB [20260618-20:54:06.366] thr=1   paramiko.transport: client compress: none, zlib@openssh.com
DEB [20260618-20:54:06.366] thr=1   paramiko.transport: server compress: none, zlib@openssh.com
DEB [20260618-20:54:06.366] thr=1   paramiko.transport: client lang: <none>
DEB [20260618-20:54:06.366] thr=1   paramiko.transport: server lang: <none>
DEB [20260618-20:54:06.366] thr=1   paramiko.transport: kex follows: False
DEB [20260618-20:54:06.366] thr=1   paramiko.transport: === Key exchange agreements ===
DEB [20260618-20:54:06.366] thr=1   paramiko.transport: Strict kex mode: True
DEB [20260618-20:54:06.366] thr=1   paramiko.transport: Kex: curve25519-sha256@libssh.org
DEB [20260618-20:54:06.366] thr=1   paramiko.transport: HostKey: ssh-ed25519
DEB [20260618-20:54:06.366] thr=1   paramiko.transport: Cipher: aes128-ctr
DEB [20260618-20:54:06.366] thr=1   paramiko.transport: MAC: hmac-sha2-256
DEB [20260618-20:54:06.366] thr=1   paramiko.transport: Compression: none
DEB [20260618-20:54:06.366] thr=1   paramiko.transport: === End of kex handshake ===
DEB [20260618-20:54:06.726] thr=1   paramiko.transport: Resetting outbound seqno after NEWKEYS due to strict mode
DEB [20260618-20:54:06.726] thr=1   paramiko.transport: kex engine KexCurve25519 specified hash_algo <built-in function openssl_sha256>
DEB [20260618-20:54:06.727] thr=1   paramiko.transport: Switch to new keys ...
DEB [20260618-20:54:06.727] thr=1   paramiko.transport: Resetting inbound seqno after NEWKEYS due to strict mode
DEB [20260618-20:54:06.728] thr=2   paramiko.transport: Adding ssh-ed25519 host key for 104.251.214.177: b'4aeab0731ae1c609e794c8bfc3e1c1c2'
DEB [20260618-20:54:06.728] thr=1   paramiko.transport: Got EXT_INFO: {'server-sig-algs': b'ssh-ed25519,ecdsa-sha2-nistp256,ecdsa-sha2-nistp384,ecdsa-sha2-nistp521,sk-ssh-ed25519@openssh.com,sk-ecdsa-sha2-nistp256@openssh.com,rsa-sha2-512,rsa-sha2-256', 'publickey-hostbound@openssh.com': b'0', 'ping@openssh.com': b'0'}
DEB [20260618-20:54:07.312] thr=1   paramiko.transport: userauth is OK
INF [20260618-20:54:07.650] thr=1   paramiko.transport: Authentication (password) successful!
DEB [20260618-20:54:07.651] thr=2   paramiko.transport: [chan 0] Max packet in: 32768 bytes
DEB [20260618-20:54:07.927] thr=1   paramiko.transport: Received global request "hostkeys-00@openssh.com"
DEB [20260618-20:54:07.927] thr=1   paramiko.transport: Rejecting "hostkeys-00@openssh.com" global request from server.
DEB [20260618-20:54:08.250] thr=1   paramiko.transport: [chan 0] Max packet out: 32768 bytes
DEB [20260618-20:54:08.250] thr=1   paramiko.transport: Secsh channel 0 opened.
DEB [20260618-20:54:08.554] thr=1   paramiko.transport: [chan 0] Sesch channel 0 request ok
DEB [20260618-20:54:08.663] thr=1   paramiko.transport: [chan 0] EOF received (0)
DEB [20260618-20:54:08.663] thr=2   paramiko.transport: [chan 1] Max packet in: 32768 bytes
DEB [20260618-20:54:08.663] thr=1   paramiko.transport: [chan 0] EOF sent (0)
DEB [20260618-20:54:08.979] thr=1   paramiko.transport: [chan 1] Max packet out: 32768 bytes
DEB [20260618-20:54:08.979] thr=1   paramiko.transport: Secsh channel 1 opened.
DEB [20260618-20:54:09.627] thr=1   paramiko.transport: [chan 1] Sesch channel 1 request ok
DEB [20260618-20:54:09.892] thr=1   paramiko.transport: [chan 1] EOF received (1)
DEB [20260618-20:54:09.892] thr=2   paramiko.transport: [chan 2] Max packet in: 32768 bytes
DEB [20260618-20:54:09.893] thr=1   paramiko.transport: [chan 1] EOF sent (1)
DEB [20260618-20:54:10.310] thr=1   paramiko.transport: [chan 2] Max packet out: 32768 bytes
DEB [20260618-20:54:10.311] thr=1   paramiko.transport: Secsh channel 2 opened.
DEB [20260618-20:54:10.901] thr=1   paramiko.transport: [chan 2] Sesch channel 2 request ok
DEB [20260618-20:54:10.901] thr=2   paramiko.transport: [chan 2] EOF sent (2)
DEB [20260618-20:54:10.910] thr=1   paramiko.transport: [chan 2] EOF received (2)
DEB [20260618-20:54:10.924] thr=2   paramiko.transport: [chan 3] Max packet in: 32768 bytes
DEB [20260618-20:54:11.464] thr=1   paramiko.transport: [chan 3] Max packet out: 32768 bytes
DEB [20260618-20:54:11.465] thr=1   paramiko.transport: Secsh channel 3 opened.
DEB [20260618-20:54:11.762] thr=1   paramiko.transport: [chan 3] Sesch channel 3 request ok
INF [20260618-20:54:12.027] thr=2   paramiko.transport.sftp: [chan 3] Opened sftp connection (server version 3)
DEB [20260618-20:54:12.028] thr=2   paramiko.transport.sftp: [chan 3] open(b'/opt/cctv-cloud/cloud_server.tar.gz', 'wb')
DEB [20260618-20:54:12.287] thr=2   paramiko.transport.sftp: [chan 3] open(b'/opt/cctv-cloud/cloud_server.tar.gz', 'wb') -> 00000000
DEB [20260618-20:54:12.288] thr=2   paramiko.transport.sftp: [chan 3] close(00000000)
DEB [20260618-20:54:12.838] thr=2   paramiko.transport.sftp: [chan 3] stat(b'/opt/cctv-cloud/cloud_server.tar.gz')
INF [20260618-20:54:13.172] thr=2   paramiko.transport.sftp: [chan 3] sftp session closed.
DEB [20260618-20:54:13.172] thr=2   paramiko.transport: [chan 3] EOF sent (3)
DEB [20260618-20:54:13.173] thr=2   paramiko.transport: [chan 4] Max packet in: 32768 bytes
DEB [20260618-20:54:13.447] thr=1   paramiko.transport: [chan 3] EOF received (3)
DEB [20260618-20:54:13.738] thr=1   paramiko.transport: [chan 4] Max packet out: 32768 bytes
DEB [20260618-20:54:13.738] thr=1   paramiko.transport: Secsh channel 4 opened.
DEB [20260618-20:54:14.032] thr=1   paramiko.transport: [chan 4] Sesch channel 4 request ok
DEB [20260618-20:54:23.260] thr=1   paramiko.transport: [chan 4] EOF received (4)
DEB [20260618-20:54:23.261] thr=2   paramiko.transport: [chan 4] EOF sent (4)
DEB [20260618-20:54:23.261] thr=2   paramiko.transport: Dropping user packet because connection is dead.
DEB [20260618-20:59:11.470] thr=1   paramiko.transport: starting thread (client mode): 0xc61e0310
DEB [20260618-20:59:11.471] thr=1   paramiko.transport: Local version/idstring: SSH-2.0-paramiko_3.4.0
DEB [20260618-20:59:11.826] thr=1   paramiko.transport: Remote version/idstring: SSH-2.0-OpenSSH_9.6p1 Ubuntu-3ubuntu13.16
INF [20260618-20:59:11.826] thr=1   paramiko.transport: Connected (version 2.0, client OpenSSH_9.6p1)
DEB [20260618-20:59:12.100] thr=1   paramiko.transport: === Key exchange possibilities ===
DEB [20260618-20:59:12.100] thr=1   paramiko.transport: kex algos: sntrup761x25519-sha512@openssh.com, curve25519-sha256, curve25519-sha256@libssh.org, ecdh-sha2-nistp256, ecdh-sha2-nistp384, ecdh-sha2-nistp521, diffie-hellman-group-exchange-sha256, diffie-hellman-group16-sha512, diffie-hellman-group18-sha512, diffie-hellman-group14-sha256, ext-info-s, kex-strict-s-v00@openssh.com
DEB [20260618-20:59:12.101] thr=1   paramiko.transport: server key: rsa-sha2-512, rsa-sha2-256, ecdsa-sha2-nistp256, ssh-ed25519
DEB [20260618-20:59:12.101] thr=1   paramiko.transport: client encrypt: chacha20-poly1305@openssh.com, aes128-ctr, aes192-ctr, aes256-ctr, aes128-gcm@openssh.com, aes256-gcm@openssh.com
DEB [20260618-20:59:12.101] thr=1   paramiko.transport: server encrypt: chacha20-poly1305@openssh.com, aes128-ctr, aes192-ctr, aes256-ctr, aes128-gcm@openssh.com, aes256-gcm@openssh.com
DEB [20260618-20:59:12.101] thr=1   paramiko.transport: client mac: umac-64-etm@openssh.com, umac-128-etm@openssh.com, hmac-sha2-256-etm@openssh.com, hmac-sha2-512-etm@openssh.com, hmac-sha1-etm@openssh.com, umac-64@openssh.com, umac-128@openssh.com, hmac-sha2-256, hmac-sha2-512, hmac-sha1
DEB [20260618-20:59:12.101] thr=1   paramiko.transport: server mac: umac-64-etm@openssh.com, umac-128-etm@openssh.com, hmac-sha2-256-etm@openssh.com, hmac-sha2-512-etm@openssh.com, hmac-sha1-etm@openssh.com, umac-64@openssh.com, umac-128@openssh.com, hmac-sha2-256, hmac-sha2-512, hmac-sha1
DEB [20260618-20:59:12.101] thr=1   paramiko.transport: client compress: none, zlib@openssh.com
DEB [20260618-20:59:12.101] thr=1   paramiko.transport: server compress: none, zlib@openssh.com
DEB [20260618-20:59:12.101] thr=1   paramiko.transport: client lang: <none>
DEB [20260618-20:59:12.101] thr=1   paramiko.transport: server lang: <none>
DEB [20260618-20:59:12.101] thr=1   paramiko.transport: kex follows: False
DEB [20260618-20:59:12.101] thr=1   paramiko.transport: === Key exchange agreements ===
DEB [20260618-20:59:12.101] thr=1   paramiko.transport: Strict kex mode: True
DEB [20260618-20:59:12.101] thr=1   paramiko.transport: Kex: curve25519-sha256@libssh.org
DEB [20260618-20:59:12.101] thr=1   paramiko.transport: HostKey: ssh-ed25519
DEB [20260618-20:59:12.101] thr=1   paramiko.transport: Cipher: aes128-ctr
DEB [20260618-20:59:12.101] thr=1   paramiko.transport: MAC: hmac-sha2-256
DEB [20260618-20:59:12.101] thr=1   paramiko.transport: Compression: none
DEB [20260618-20:59:12.101] thr=1   paramiko.transport: === End of kex handshake ===
DEB [20260618-20:59:12.440] thr=1   paramiko.transport: Resetting outbound seqno after NEWKEYS due to strict mode
DEB [20260618-20:59:12.440] thr=1   paramiko.transport: kex engine KexCurve25519 specified hash_algo <built-in function openssl_sha256>
DEB [20260618-20:59:12.441] thr=1   paramiko.transport: Switch to new keys ...
DEB [20260618-20:59:12.441] thr=1   paramiko.transport: Resetting inbound seqno after NEWKEYS due to strict mode
DEB [20260618-20:59:12.441] thr=2   paramiko.transport: Adding ssh-ed25519 host key for 104.251.214.177: b'4aeab0731ae1c609e794c8bfc3e1c1c2'
DEB [20260618-20:59:12.441] thr=1   paramiko.transport: Got EXT_INFO: {'server-sig-algs': b'ssh-ed25519,ecdsa-sha2-nistp256,ecdsa-sha2-nistp384,ecdsa-sha2-nistp521,sk-ssh-ed25519@openssh.com,sk-ecdsa-sha2-nistp256@openssh.com,rsa-sha2-512,rsa-sha2-256', 'publickey-hostbound@openssh.com': b'0', 'ping@openssh.com': b'0'}
DEB [20260618-20:59:13.023] thr=1   paramiko.transport: userauth is OK
INF [20260618-20:59:13.353] thr=1   paramiko.transport: Authentication (password) successful!
DEB [20260618-20:59:13.354] thr=2   paramiko.transport: [chan 0] Max packet in: 32768 bytes
DEB [20260618-20:59:13.627] thr=1   paramiko.transport: Received global request "hostkeys-00@openssh.com"
DEB [20260618-20:59:13.627] thr=1   paramiko.transport: Rejecting "hostkeys-00@openssh.com" global request from server.
DEB [20260618-20:59:13.953] thr=1   paramiko.transport: [chan 0] Max packet out: 32768 bytes
DEB [20260618-20:59:13.954] thr=1   paramiko.transport: Secsh channel 0 opened.
DEB [20260618-20:59:14.281] thr=1   paramiko.transport: [chan 0] Sesch channel 0 request ok
DEB [20260618-20:59:14.457] thr=1   paramiko.transport: [chan 0] EOF received (0)
DEB [20260618-20:59:14.457] thr=1   paramiko.transport: [chan 0] EOF sent (0)
DEB [20260618-20:59:14.458] thr=2   paramiko.transport: [chan 1] Max packet in: 32768 bytes
DEB [20260618-20:59:15.154] thr=1   paramiko.transport: [chan 1] Max packet out: 32768 bytes
DEB [20260618-20:59:15.154] thr=1   paramiko.transport: Secsh channel 1 opened.
DEB [20260618-20:59:15.585] thr=1   paramiko.transport: [chan 1] Sesch channel 1 request ok
DEB [20260618-20:59:15.665] thr=1   paramiko.transport: [chan 1] EOF received (1)
DEB [20260618-20:59:15.665] thr=1   paramiko.transport: [chan 1] EOF sent (1)
DEB [20260618-20:59:15.666] thr=2   paramiko.transport: [chan 2] Max packet in: 32768 bytes
DEB [20260618-20:59:16.307] thr=1   paramiko.transport: [chan 2] Max packet out: 32768 bytes
DEB [20260618-20:59:16.307] thr=1   paramiko.transport: Secsh channel 2 opened.
DEB [20260618-20:59:16.614] thr=1   paramiko.transport: [chan 2] Sesch channel 2 request ok
DEB [20260618-20:59:16.614] thr=2   paramiko.transport: [chan 2] EOF sent (2)
DEB [20260618-20:59:16.623] thr=2   paramiko.transport: [chan 3] Max packet in: 32768 bytes
DEB [20260618-20:59:16.645] thr=1   paramiko.transport: [chan 2] EOF received (2)
DEB [20260618-20:59:16.918] thr=1   paramiko.transport: [chan 3] Max packet out: 32768 bytes
DEB [20260618-20:59:16.918] thr=1   paramiko.transport: Secsh channel 3 opened.
DEB [20260618-20:59:17.667] thr=1   paramiko.transport: [chan 3] Sesch channel 3 request ok
INF [20260618-20:59:17.945] thr=2   paramiko.transport.sftp: [chan 3] Opened sftp connection (server version 3)
DEB [20260618-20:59:17.945] thr=2   paramiko.transport.sftp: [chan 3] open(b'/opt/cctv-cloud/cloud_server.tar.gz', 'wb')
DEB [20260618-20:59:18.211] thr=2   paramiko.transport.sftp: [chan 3] open(b'/opt/cctv-cloud/cloud_server.tar.gz', 'wb') -> 00000000
DEB [20260618-20:59:18.212] thr=2   paramiko.transport.sftp: [chan 3] close(00000000)
DEB [20260618-20:59:18.868] thr=2   paramiko.transport.sftp: [chan 3] stat(b'/opt/cctv-cloud/cloud_server.tar.gz')
INF [20260618-20:59:19.139] thr=2   paramiko.transport.sftp: [chan 3] sftp session closed.
DEB [20260618-20:59:19.139] thr=2   paramiko.transport: [chan 3] EOF sent (3)
DEB [20260618-20:59:19.139] thr=2   paramiko.transport: [chan 4] Max packet in: 32768 bytes
DEB [20260618-20:59:19.409] thr=1   paramiko.transport: [chan 3] EOF received (3)
DEB [20260618-20:59:19.784] thr=1   paramiko.transport: [chan 4] Max packet out: 32768 bytes
DEB [20260618-20:59:19.785] thr=1   paramiko.transport: Secsh channel 4 opened.
DEB [20260618-20:59:20.083] thr=1   paramiko.transport: [chan 4] Sesch channel 4 request ok
DEB [20260618-20:59:29.523] thr=1   paramiko.transport: [chan 4] EOF received (4)
DEB [20260618-20:59:29.523] thr=1   paramiko.transport: [chan 4] EOF sent (4)
DEB [20260618-20:59:29.527] thr=1   paramiko.transport: EOF in transport thread
